/Users/jlrupton/DesarrolloLocal/MAU/backend/venv/lib/python3.13/site-packages/rest_framework_simplejwt/__init__.py:1: UserWarning: pkg_resources is deprecated as an API. See https://setuptools.pypa.io/en/latest/pkg_resources.html. The pkg_resources package is slated for removal as early as 2025-11-30. Refrain from using this package or pin to Setuptools<81.
  from pkg_resources import DistributionNotFound, get_distribution
/Users/jlrupton/DesarrolloLocal/MAU/backend/venv/lib/python3.13/site-packages/rest_framework_simplejwt/__init__.py:1: UserWarning: pkg_resources is deprecated as an API. See https://setuptools.pypa.io/en/latest/pkg_resources.html. The pkg_resources package is slated for removal as early as 2025-11-30. Refrain from using this package or pin to Setuptools<81.
  from pkg_resources import DistributionNotFound, get_distribution
Watching for file changes with StatReloader
[16/Aug/2025 16:22:28] "GET /admin/ HTTP/1.1" 302 0
[16/Aug/2025 16:22:34] "OPTIONS /api/auth/profile/ HTTP/1.1" 200 0
[16/Aug/2025 16:22:34] "GET /api/auth/profile/ HTTP/1.1" 200 298
[16/Aug/2025 16:22:34] "OPTIONS /api/recetas/estadisticas/ HTTP/1.1" 200 0
[16/Aug/2025 16:22:34] "GET /api/recetas/estadisticas/ HTTP/1.1" 200 167
[16/Aug/2025 16:24:44] "GET /api/auth/profile/ HTTP/1.1" 200 298
[16/Aug/2025 16:24:44] "GET /api/recetas/estadisticas/ HTTP/1.1" 200 167
[16/Aug/2025 16:26:11] "GET /api/auth/profile/ HTTP/1.1" 200 298
[16/Aug/2025 16:26:11] "GET /api/recetas/estadisticas/ HTTP/1.1" 200 167
[16/Aug/2025 16:26:12] "GET /api/auth/profile/ HTTP/1.1" 200 298
[16/Aug/2025 16:26:12] "GET /api/recetas/estadisticas/ HTTP/1.1" 200 167
[16/Aug/2025 16:26:12] "GET /api/auth/profile/ HTTP/1.1" 200 298
[16/Aug/2025 16:26:12] "GET /api/recetas/estadisticas/ HTTP/1.1" 200 167
[16/Aug/2025 16:26:12] "GET /api/auth/profile/ HTTP/1.1" 200 298
[16/Aug/2025 16:26:12] "GET /api/recetas/estadisticas/ HTTP/1.1" 200 167
[16/Aug/2025 16:26:13] "GET /api/auth/profile/ HTTP/1.1" 200 298
[16/Aug/2025 16:26:13] "GET /api/recetas/estadisticas/ HTTP/1.1" 200 167
[16/Aug/2025 16:26:13] "GET /api/auth/profile/ HTTP/1.1" 200 298
[16/Aug/2025 16:26:13] "GET /api/recetas/estadisticas/ HTTP/1.1" 200 167
[16/Aug/2025 16:26:13] "GET /api/auth/profile/ HTTP/1.1" 200 298
[16/Aug/2025 16:26:13] "GET /api/recetas/estadisticas/ HTTP/1.1" 200 167
[16/Aug/2025 16:26:25] "POST /api/auth/login/ HTTP/1.1" 200 803
[16/Aug/2025 16:26:25] "GET /api/recetas/estadisticas/ HTTP/1.1" 200 167
[16/Aug/2025 16:27:36] "GET /api/auth/profile/ HTTP/1.1" 200 298
[16/Aug/2025 16:27:36] "GET /api/recetas/estadisticas/ HTTP/1.1" 200 167
/Users/jlrupton/DesarrolloLocal/MAU/backend/mau_hospital/settings.py changed, reloading.
Performing system checks...

System check identified no issues (0 silenced).
August 16, 2025 - 16:22:20
Django version 4.2.7, using settings 'mau_hospital.settings'
Starting development server at http://0.0.0.0:8080/
Quit the server with CONTROL-C.

/Users/jlrupton/DesarrolloLocal/MAU/backend/venv/lib/python3.13/site-packages/rest_framework_simplejwt/__init__.py:1: UserWarning: pkg_resources is deprecated as an API. See https://setuptools.pypa.io/en/latest/pkg_resources.html. The pkg_resources package is slated for removal as early as 2025-11-30. Refrain from using this package or pin to Setuptools<81.
  from pkg_resources import DistributionNotFound, get_distribution
Watching for file changes with StatReloader
/Users/jlrupton/DesarrolloLocal/MAU/backend/mau_hospital/urls.py changed, reloading.
Performing system checks...

System check identified no issues (0 silenced).
August 16, 2025 - 16:28:13
Django version 4.2.7, using settings 'mau_hospital.settings'
Starting development server at http://0.0.0.0:8080/
Quit the server with CONTROL-C.

/Users/jlrupton/DesarrolloLocal/MAU/backend/venv/lib/python3.13/site-packages/rest_framework_simplejwt/__init__.py:1: UserWarning: pkg_resources is deprecated as an API. See https://setuptools.pypa.io/en/latest/pkg_resources.html. The pkg_resources package is slated for removal as early as 2025-11-30. Refrain from using this package or pin to Setuptools<81.
  from pkg_resources import DistributionNotFound, get_distribution
Watching for file changes with StatReloader
[16/Aug/2025 16:28:51] "GET /api/auth/profile/ HTTP/1.1" 200 298
[16/Aug/2025 16:28:51] "GET /api/recetas/estadisticas/ HTTP/1.1" 200 167
[16/Aug/2025 16:28:52] "GET /api/auth/profile/ HTTP/1.1" 200 298
[16/Aug/2025 16:28:52] "GET /api/recetas/estadisticas/ HTTP/1.1" 200 167
[16/Aug/2025 16:28:53] "GET /api/auth/profile/ HTTP/1.1" 200 298
[16/Aug/2025 16:28:53] "GET /api/recetas/estadisticas/ HTTP/1.1" 200 167
[16/Aug/2025 16:28:53] "GET /api/auth/profile/ HTTP/1.1" 200 298
[16/Aug/2025 16:28:53] "GET /api/recetas/estadisticas/ HTTP/1.1" 200 167
[16/Aug/2025 16:28:53] "GET /api/auth/profile/ HTTP/1.1" 200 298
[16/Aug/2025 16:28:53] "GET /api/recetas/estadisticas/ HTTP/1.1" 200 167
[16/Aug/2025 16:28:54] "GET /api/auth/profile/ HTTP/1.1" 200 298
[16/Aug/2025 16:28:54] "GET /api/recetas/estadisticas/ HTTP/1.1" 200 167
[16/Aug/2025 16:28:54] "GET /api/auth/profile/ HTTP/1.1" 200 298
[16/Aug/2025 16:28:54] "GET /api/recetas/estadisticas/ HTTP/1.1" 200 167
[16/Aug/2025 16:29:06] "GET /api/recetas/cola-validacion/?estado=PENDIENTE HTTP/1.1" 200 10563
[16/Aug/2025 16:29:11] "GET /api/recetas/estadisticas/ HTTP/1.1" 200 167
Unauthorized: /api/recetas/cola-validacion/
[16/Aug/2025 16:29:36] "GET /api/recetas/cola-validacion/?estado=PENDIENTE HTTP/1.1" 401 65
[16/Aug/2025 16:30:20] "POST /api/auth/login/ HTTP/1.1" 200 779
[16/Aug/2025 16:30:20] "GET /api/recetas/estadisticas/ HTTP/1.1" 200 167
[16/Aug/2025 16:30:34] "POST /api/auth/login/ HTTP/1.1" 200 803
[16/Aug/2025 16:30:34] "GET /api/recetas/estadisticas/ HTTP/1.1" 200 167
[16/Aug/2025 16:32:38] "GET /api/auth/profile/ HTTP/1.1" 200 298
[16/Aug/2025 16:32:38] "GET /api/recetas/estadisticas/ HTTP/1.1" 200 167
[16/Aug/2025 16:32:43] "GET /api/reports/dashboard/ HTTP/1.1" 200 1414
[16/Aug/2025 16:32:58] "GET /api/auth/profile/ HTTP/1.1" 200 298
[16/Aug/2025 16:32:58] "GET /api/recetas/estadisticas/ HTTP/1.1" 200 167
[16/Aug/2025 16:32:59] "GET /api/auth/profile/ HTTP/1.1" 200 298
[16/Aug/2025 16:32:59] "GET /api/recetas/estadisticas/ HTTP/1.1" 200 167
[16/Aug/2025 16:33:00] "GET /api/auth/profile/ HTTP/1.1" 200 298
[16/Aug/2025 16:33:00] "GET /api/recetas/estadisticas/ HTTP/1.1" 200 167
[16/Aug/2025 16:33:00] "GET /api/auth/profile/ HTTP/1.1" 200 298
[16/Aug/2025 16:33:00] "GET /api/recetas/estadisticas/ HTTP/1.1" 200 167
[16/Aug/2025 16:33:00] "GET /api/auth/profile/ HTTP/1.1" 200 298
[16/Aug/2025 16:33:00] "GET /api/recetas/estadisticas/ HTTP/1.1" 200 167
[16/Aug/2025 16:33:00] "GET /api/auth/profile/ HTTP/1.1" 200 298
[16/Aug/2025 16:33:00] "GET /api/recetas/estadisticas/ HTTP/1.1" 200 167
[16/Aug/2025 16:33:00] "GET /api/auth/profile/ HTTP/1.1" 200 298
[16/Aug/2025 16:33:00] "GET /api/recetas/estadisticas/ HTTP/1.1" 200 167
[16/Aug/2025 16:33:11] "GET /api/auth/profile/ HTTP/1.1" 200 298
[16/Aug/2025 16:33:11] "GET /api/recetas/estadisticas/ HTTP/1.1" 200 167
[16/Aug/2025 16:33:52] "OPTIONS /api/auth/login/ HTTP/1.1" 200 0
[16/Aug/2025 16:33:52] "POST /api/auth/login/ HTTP/1.1" 200 803
[16/Aug/2025 16:33:52] "OPTIONS /api/recetas/estadisticas/ HTTP/1.1" 200 0
[16/Aug/2025 16:33:52] "GET /api/recetas/estadisticas/ HTTP/1.1" 200 167
[16/Aug/2025 16:34:00] "OPTIONS /api/recetas/cola-dispensacion-cmi/?tipo=CMI&estado=VALIDADA HTTP/1.1" 200 0
[16/Aug/2025 16:34:00] "OPTIONS /api/recetas/estadisticas/ HTTP/1.1" 200 0
[16/Aug/2025 16:34:00] "GET /api/recetas/estadisticas/ HTTP/1.1" 200 167
[16/Aug/2025 16:34:00] "GET /api/recetas/cola-dispensacion-cmi/?tipo=CMI&estado=VALIDADA HTTP/1.1" 200 6246
[16/Aug/2025 16:34:02] "OPTIONS /api/recetas/estadisticas/ HTTP/1.1" 200 0
[16/Aug/2025 16:34:02] "GET /api/recetas/estadisticas/ HTTP/1.1" 200 167
[16/Aug/2025 16:34:16] "OPTIONS /api/recetas/cola-validacion/?estado=PENDIENTE HTTP/1.1" 200 0
[16/Aug/2025 16:34:16] "GET /api/recetas/cola-validacion/?estado=PENDIENTE HTTP/1.1" 200 10563
[16/Aug/2025 16:34:28] "OPTIONS /api/recetas/estadisticas/ HTTP/1.1" 200 0
[16/Aug/2025 16:34:28] "GET /api/recetas/estadisticas/ HTTP/1.1" 200 167
[16/Aug/2025 16:34:47] "GET /api/recetas/cola-validacion/?estado=PENDIENTE HTTP/1.1" 200 10563
[16/Aug/2025 16:34:52] "GET /api/auth/profile/ HTTP/1.1" 200 298
[16/Aug/2025 16:34:52] "GET /api/recetas/estadisticas/ HTTP/1.1" 200 167
/Users/jlrupton/DesarrolloLocal/MAU/backend/apps/reports/apps.py changed, reloading.
Performing system checks...

System check identified no issues (0 silenced).
August 16, 2025 - 16:28:20
Django version 4.2.7, using settings 'mau_hospital.settings'
Starting development server at http://0.0.0.0:8080/
Quit the server with CONTROL-C.

/Users/jlrupton/DesarrolloLocal/MAU/backend/venv/lib/python3.13/site-packages/rest_framework_simplejwt/__init__.py:1: UserWarning: pkg_resources is deprecated as an API. See https://setuptools.pypa.io/en/latest/pkg_resources.html. The pkg_resources package is slated for removal as early as 2025-11-30. Refrain from using this package or pin to Setuptools<81.
  from pkg_resources import DistributionNotFound, get_distribution
Watching for file changes with StatReloader
/Users/jlrupton/DesarrolloLocal/MAU/backend/apps/reports/models.py changed, reloading.
Performing system checks...

System check identified no issues (0 silenced).
August 16, 2025 - 16:35:29
Django version 4.2.7, using settings 'mau_hospital.settings'
Starting development server at http://0.0.0.0:8080/
Quit the server with CONTROL-C.

/Users/jlrupton/DesarrolloLocal/MAU/backend/venv/lib/python3.13/site-packages/rest_framework_simplejwt/__init__.py:1: UserWarning: pkg_resources is deprecated as an API. See https://setuptools.pypa.io/en/latest/pkg_resources.html. The pkg_resources package is slated for removal as early as 2025-11-30. Refrain from using this package or pin to Setuptools<81.
  from pkg_resources import DistributionNotFound, get_distribution
Watching for file changes with StatReloader
/Users/jlrupton/DesarrolloLocal/MAU/backend/apps/reports/services.py changed, reloading.
Performing system checks...

System check identified no issues (0 silenced).
August 16, 2025 - 16:35:31
Django version 4.2.7, using settings 'mau_hospital.settings'
Starting development server at http://0.0.0.0:8080/
Quit the server with CONTROL-C.

/Users/jlrupton/DesarrolloLocal/MAU/backend/venv/lib/python3.13/site-packages/rest_framework_simplejwt/__init__.py:1: UserWarning: pkg_resources is deprecated as an API. See https://setuptools.pypa.io/en/latest/pkg_resources.html. The pkg_resources package is slated for removal as early as 2025-11-30. Refrain from using this package or pin to Setuptools<81.
  from pkg_resources import DistributionNotFound, get_distribution
Watching for file changes with StatReloader
/Users/jlrupton/DesarrolloLocal/MAU/backend/apps/reports/views.py changed, reloading.
Performing system checks...

System check identified no issues (0 silenced).
August 16, 2025 - 16:35:32
Django version 4.2.7, using settings 'mau_hospital.settings'
Starting development server at http://0.0.0.0:8080/
Quit the server with CONTROL-C.

/Users/jlrupton/DesarrolloLocal/MAU/backend/venv/lib/python3.13/site-packages/rest_framework_simplejwt/__init__.py:1: UserWarning: pkg_resources is deprecated as an API. See https://setuptools.pypa.io/en/latest/pkg_resources.html. The pkg_resources package is slated for removal as early as 2025-11-30. Refrain from using this package or pin to Setuptools<81.
  from pkg_resources import DistributionNotFound, get_distribution
Watching for file changes with StatReloader
/Users/jlrupton/DesarrolloLocal/MAU/backend/apps/reports/admin.py changed, reloading.
Performing system checks...

System check identified no issues (0 silenced).
August 16, 2025 - 16:35:33
Django version 4.2.7, using settings 'mau_hospital.settings'
Starting development server at http://0.0.0.0:8080/
Quit the server with CONTROL-C.

/Users/jlrupton/DesarrolloLocal/MAU/backend/venv/lib/python3.13/site-packages/rest_framework_simplejwt/__init__.py:1: UserWarning: pkg_resources is deprecated as an API. See https://setuptools.pypa.io/en/latest/pkg_resources.html. The pkg_resources package is slated for removal as early as 2025-11-30. Refrain from using this package or pin to Setuptools<81.
  from pkg_resources import DistributionNotFound, get_distribution
Watching for file changes with StatReloader
/Users/jlrupton/DesarrolloLocal/MAU/backend/mau_hospital/settings.py changed, reloading.
Performing system checks...

System check identified no issues (0 silenced).
August 16, 2025 - 16:35:35
Django version 4.2.7, using settings 'mau_hospital.settings'
Starting development server at http://0.0.0.0:8080/
Quit the server with CONTROL-C.

/Users/jlrupton/DesarrolloLocal/MAU/backend/venv/lib/python3.13/site-packages/rest_framework_simplejwt/__init__.py:1: UserWarning: pkg_resources is deprecated as an API. See https://setuptools.pypa.io/en/latest/pkg_resources.html. The pkg_resources package is slated for removal as early as 2025-11-30. Refrain from using this package or pin to Setuptools<81.
  from pkg_resources import DistributionNotFound, get_distribution
Watching for file changes with StatReloader
/Users/jlrupton/DesarrolloLocal/MAU/backend/mau_hospital/urls.py changed, reloading.
Performing system checks...

System check identified no issues (0 silenced).
August 16, 2025 - 16:35:36
Django version 4.2.7, using settings 'mau_hospital.settings'
Starting development server at http://0.0.0.0:8080/
Quit the server with CONTROL-C.

/Users/jlrupton/DesarrolloLocal/MAU/backend/venv/lib/python3.13/site-packages/rest_framework_simplejwt/__init__.py:1: UserWarning: pkg_resources is deprecated as an API. See https://setuptools.pypa.io/en/latest/pkg_resources.html. The pkg_resources package is slated for removal as early as 2025-11-30. Refrain from using this package or pin to Setuptools<81.
  from pkg_resources import DistributionNotFound, get_distribution
Watching for file changes with StatReloader
[16/Aug/2025 16:35:50] "GET /api/auth/profile/ HTTP/1.1" 200 298
[16/Aug/2025 16:35:50] "GET /api/recetas/estadisticas/ HTTP/1.1" 200 167
/Users/jlrupton/DesarrolloLocal/MAU/backend/mau_hospital/settings.py changed, reloading.
Performing system checks...

System check identified no issues (0 silenced).
August 16, 2025 - 16:35:37
Django version 4.2.7, using settings 'mau_hospital.settings'
Starting development server at http://0.0.0.0:8080/
Quit the server with CONTROL-C.

/Users/jlrupton/DesarrolloLocal/MAU/backend/venv/lib/python3.13/site-packages/rest_framework_simplejwt/__init__.py:1: UserWarning: pkg_resources is deprecated as an API. See https://setuptools.pypa.io/en/latest/pkg_resources.html. The pkg_resources package is slated for removal as early as 2025-11-30. Refrain from using this package or pin to Setuptools<81.
  from pkg_resources import DistributionNotFound, get_distribution
Watching for file changes with StatReloader
Exception in thread django-main-thread:
Traceback (most recent call last):
  File "/opt/homebrew/Cellar/python@3.13/3.13.5/Frameworks/Python.framework/Versions/3.13/lib/python3.13/threading.py", line 1043, in _bootstrap_inner
    self.run()
    ~~~~~~~~^^
  File "/opt/homebrew/Cellar/python@3.13/3.13.5/Frameworks/Python.framework/Versions/3.13/lib/python3.13/threading.py", line 994, in run
    self._target(*self._args, **self._kwargs)
    ~~~~~~~~~~~~^^^^^^^^^^^^^^^^^^^^^^^^^^^^^
  File "/Users/jlrupton/DesarrolloLocal/MAU/backend/venv/lib/python3.13/site-packages/django/utils/autoreload.py", line 64, in wrapper
    fn(*args, **kwargs)
    ~~^^^^^^^^^^^^^^^^^
  File "/Users/jlrupton/DesarrolloLocal/MAU/backend/venv/lib/python3.13/site-packages/django/core/management/commands/runserver.py", line 125, in inner_run
    autoreload.raise_last_exception()
    ~~~~~~~~~~~~~~~~~~~~~~~~~~~~~~~^^
  File "/Users/jlrupton/DesarrolloLocal/MAU/backend/venv/lib/python3.13/site-packages/django/utils/autoreload.py", line 87, in raise_last_exception
    raise _exception[1]
  File "/Users/jlrupton/DesarrolloLocal/MAU/backend/venv/lib/python3.13/site-packages/django/core/management/__init__.py", line 394, in execute
    autoreload.check_errors(django.setup)()
    ~~~~~~~~~~~~~~~~~~~~~~~~~~~~~~~~~~~~~^^
  File "/Users/jlrupton/DesarrolloLocal/MAU/backend/venv/lib/python3.13/site-packages/django/utils/autoreload.py", line 64, in wrapper
    fn(*args, **kwargs)
    ~~^^^^^^^^^^^^^^^^^
  File "/Users/jlrupton/DesarrolloLocal/MAU/backend/venv/lib/python3.13/site-packages/django/__init__.py", line 24, in setup
    apps.populate(settings.INSTALLED_APPS)
    ~~~~~~~~~~~~~^^^^^^^^^^^^^^^^^^^^^^^^^
  File "/Users/jlrupton/DesarrolloLocal/MAU/backend/venv/lib/python3.13/site-packages/django/apps/registry.py", line 116, in populate
    app_config.import_models()
    ~~~~~~~~~~~~~~~~~~~~~~~~^^
  File "/Users/jlrupton/DesarrolloLocal/MAU/backend/venv/lib/python3.13/site-packages/django/apps/config.py", line 269, in import_models
    self.models_module = import_module(models_module_name)
                         ~~~~~~~~~~~~~^^^^^^^^^^^^^^^^^^^^
  File "/opt/homebrew/Cellar/python@3.13/3.13.5/Frameworks/Python.framework/Versions/3.13/lib/python3.13/importlib/__init__.py", line 88, in import_module
    return _bootstrap._gcd_import(name[level:], package, level)
           ~~~~~~~~~~~~~~~~~~~~~~^^^^^^^^^^^^^^^^^^^^^^^^^^^^^^
  File "<frozen importlib._bootstrap>", line 1387, in _gcd_import
  File "<frozen importlib._bootstrap>", line 1360, in _find_and_load
  File "<frozen importlib._bootstrap>", line 1331, in _find_and_load_unlocked
  File "<frozen importlib._bootstrap>", line 935, in _load_unlocked
  File "<frozen importlib._bootstrap_external>", line 1026, in exec_module
  File "<frozen importlib._bootstrap>", line 488, in _call_with_frames_removed
  File "/Users/jlrupton/DesarrolloLocal/MAU/backend/apps/inventory/models.py", line 85, in <module>
    class InventoryStock(models.Model):
    ...<58 lines>...
            return self.available_stock <= 0
  File "/Users/jlrupton/DesarrolloLocal/MAU/backend/apps/inventory/models.py", line 103, in InventoryStock
    available_stock = models.GeneratedField(
                      ^^^^^^^^^^^^^^^^^^^^^
AttributeError: module 'django.db.models' has no attribute 'GeneratedField'
